<?xml version="1.0" encoding="UTF-8"?>
<!-- Generated by org.testng.reporters.JUnitXMLReporter -->
<testsuite hostname="DESKTOP-QTN1F52" ignored="1" name="Default test" tests="4" failures="0" timestamp="2020-10-01T11:56:42 IST" time="0.06" errors="0">
  <testcase name="banking" time="0.01" classname="Annotations.TestNGDemoTestCases3"/>
  <testcase name="createNEWAccount" time="0.005" classname="Annotations.TestNGDemoTestCases3"/>
  <testcase name="timeToexecute" time="0.005" classname="Annotations.TestNGDemoTestCases3"/>
  <testcase name="AddCustomer" time="0.0" classname="Annotations.TestNGDemoTestCases3"/>
  <testcase name="createAccount" time="0.0" classname="Annotations.TestNGDemoTestCases3">
    <ignored/>
  </testcase> <!-- createAccount -->
</testsuite> <!-- Default test -->
