<?xml version="1.0" encoding="UTF-8"?>
<testng-results skipped="0" failed="0" ignored="0" total="2" passed="2">
  <reporter-output>
  </reporter-output>
  <suite name="Default suite" duration-ms="60" started-at="2020-10-01T11:15:03 IST" finished-at="2020-10-01T11:15:03 IST">
    <groups>
    </groups>
    <test name="Default test" duration-ms="60" started-at="2020-10-01T11:15:03 IST" finished-at="2020-10-01T11:15:03 IST">
      <class name="Annotations.TestNGDemoTestCases">
        <test-method status="PASS" signature="beforeTestAnnotation()[pri:0, instance:Annotations.TestNGDemoTestCases@551aa95a]" name="beforeTestAnnotation" is-config="true" duration-ms="10" started-at="2020-10-01T11:15:03 IST" finished-at="2020-10-01T11:15:03 IST">
          <reporter-output>
          </reporter-output>
        </test-method> <!-- beforeTestAnnotation -->
        <test-method status="PASS" signature="beforeMethodTest()[pri:0, instance:Annotations.TestNGDemoTestCases@551aa95a]" name="beforeMethodTest" is-config="true" duration-ms="0" started-at="2020-10-01T11:15:03 IST" finished-at="2020-10-01T11:15:03 IST">
          <reporter-output>
          </reporter-output>
        </test-method> <!-- beforeMethodTest -->
        <test-method status="PASS" signature="Demo()[pri:0, instance:Annotations.TestNGDemoTestCases@551aa95a]" name="Demo" duration-ms="5" started-at="2020-10-01T11:15:03 IST" finished-at="2020-10-01T11:15:03 IST">
          <reporter-output>
          </reporter-output>
        </test-method> <!-- Demo -->
        <test-method status="PASS" signature="afterMethod()[pri:0, instance:Annotations.TestNGDemoTestCases@551aa95a]" name="afterMethod" is-config="true" duration-ms="0" started-at="2020-10-01T11:15:03 IST" finished-at="2020-10-01T11:15:03 IST">
          <reporter-output>
          </reporter-output>
        </test-method> <!-- afterMethod -->
        <test-method status="PASS" signature="beforeMethodTest()[pri:0, instance:Annotations.TestNGDemoTestCases@551aa95a]" name="beforeMethodTest" is-config="true" duration-ms="0" started-at="2020-10-01T11:15:03 IST" finished-at="2020-10-01T11:15:03 IST">
          <reporter-output>
          </reporter-output>
        </test-method> <!-- beforeMethodTest -->
        <test-method status="PASS" signature="Demo2()[pri:0, instance:Annotations.TestNGDemoTestCases@551aa95a]" name="Demo2" duration-ms="5" started-at="2020-10-01T11:15:03 IST" finished-at="2020-10-01T11:15:03 IST">
          <reporter-output>
          </reporter-output>
        </test-method> <!-- Demo2 -->
        <test-method status="PASS" signature="afterMethod()[pri:0, instance:Annotations.TestNGDemoTestCases@551aa95a]" name="afterMethod" is-config="true" duration-ms="0" started-at="2020-10-01T11:15:03 IST" finished-at="2020-10-01T11:15:03 IST">
          <reporter-output>
          </reporter-output>
        </test-method> <!-- afterMethod -->
        <test-method status="PASS" signature="afterTestAnnotations()[pri:0, instance:Annotations.TestNGDemoTestCases@551aa95a]" name="afterTestAnnotations" is-config="true" duration-ms="0" started-at="2020-10-01T11:15:03 IST" finished-at="2020-10-01T11:15:03 IST">
          <reporter-output>
          </reporter-output>
        </test-method> <!-- afterTestAnnotations -->
      </class> <!-- Annotations.TestNGDemoTestCases -->
    </test> <!-- Default test -->
  </suite> <!-- Default suite -->
</testng-results>
