<?xml version="1.0" encoding="UTF-8"?>
<testng-results skipped="0" failed="0" ignored="0" total="2" passed="2">
  <reporter-output>
  </reporter-output>
  <suite name="Automation Testng test" duration-ms="56" started-at="2020-10-01T07:26:22Z" finished-at="2020-10-01T07:26:23Z">
    <groups>
    </groups>
    <test name="Smoke test" duration-ms="56" started-at="2020-10-01T07:26:22Z" finished-at="2020-10-01T07:26:23Z">
      <class name="Annotations.TestNGDemoTestCases">
        <test-method status="PASS" signature="beforeTestAnnotation()[pri:0, instance:Annotations.TestNGDemoTestCases@2ef5e5e3]" name="beforeTestAnnotation" is-config="true" duration-ms="13" started-at="2020-10-01T07:26:22Z" finished-at="2020-10-01T07:26:23Z">
          <reporter-output>
          </reporter-output>
        </test-method> <!-- beforeTestAnnotation -->
        <test-method status="PASS" signature="beforeMethodTest()[pri:0, instance:Annotations.TestNGDemoTestCases@2ef5e5e3]" name="beforeMethodTest" is-config="true" duration-ms="5" started-at="2020-10-01T07:26:23Z" finished-at="2020-10-01T07:26:23Z">
          <reporter-output>
          </reporter-output>
        </test-method> <!-- beforeMethodTest -->
        <test-method status="PASS" signature="Demo()[pri:0, instance:Annotations.TestNGDemoTestCases@2ef5e5e3]" name="Demo" duration-ms="8" started-at="2020-10-01T07:26:23Z" finished-at="2020-10-01T07:26:23Z">
          <reporter-output>
          </reporter-output>
        </test-method> <!-- Demo -->
        <test-method status="PASS" signature="afterMethod()[pri:0, instance:Annotations.TestNGDemoTestCases@2ef5e5e3]" name="afterMethod" is-config="true" duration-ms="0" started-at="2020-10-01T07:26:23Z" finished-at="2020-10-01T07:26:23Z">
          <reporter-output>
          </reporter-output>
        </test-method> <!-- afterMethod -->
        <test-method status="PASS" signature="beforeMethodTest()[pri:0, instance:Annotations.TestNGDemoTestCases@2ef5e5e3]" name="beforeMethodTest" is-config="true" duration-ms="0" started-at="2020-10-01T07:26:23Z" finished-at="2020-10-01T07:26:23Z">
          <reporter-output>
          </reporter-output>
        </test-method> <!-- beforeMethodTest -->
        <test-method status="PASS" signature="Demo2()[pri:0, instance:Annotations.TestNGDemoTestCases@2ef5e5e3]" name="Demo2" duration-ms="5" started-at="2020-10-01T07:26:23Z" finished-at="2020-10-01T07:26:23Z">
          <reporter-output>
          </reporter-output>
        </test-method> <!-- Demo2 -->
        <test-method status="PASS" signature="afterTestAnnotations()[pri:0, instance:Annotations.TestNGDemoTestCases@2ef5e5e3]" name="afterTestAnnotations" is-config="true" duration-ms="0" started-at="2020-10-01T07:26:23Z" finished-at="2020-10-01T07:26:23Z">
          <reporter-output>
          </reporter-output>
        </test-method> <!-- afterTestAnnotations -->
        <test-method status="PASS" signature="afterMethod()[pri:0, instance:Annotations.TestNGDemoTestCases@2ef5e5e3]" name="afterMethod" is-config="true" duration-ms="0" started-at="2020-10-01T07:26:23Z" finished-at="2020-10-01T07:26:23Z">
          <reporter-output>
          </reporter-output>
        </test-method> <!-- afterMethod -->
      </class> <!-- Annotations.TestNGDemoTestCases -->
    </test> <!-- Smoke test -->
  </suite> <!-- Automation Testng test -->
</testng-results>
